<?xml version="1.0" encoding="UTF-8"?>
<testsuite name="bfst2023.handins.AppTest" tests="2" skipped="0" failures="0" errors="0" timestamp="2023-02-06T21:59:01" hostname="DESKTOP-MP8A9GF" time="0.03">
  <properties/>
  <testcase name="simple()" classname="bfst2023.handins.AppTest" time="0.02"/>
  <testcase name="appHasAGreeting()" classname="bfst2023.handins.AppTest" time="0.008"/>
  <system-out><![CDATA[]]></system-out>
  <system-err><![CDATA[]]></system-err>
</testsuite>
