<component name="libraryTable">
  <library name="junit-platform-console-standalone-1.9.1">
    <CLASSES>
      <root url="jar://$PROJECT_DIR$/Grundllaeggende-programmering/Lektion-15/lib/junit-platform-console-standalone-1.9.1.jar!/" />
    </CLASSES>
    <JAVADOC />
    <SOURCES />
  </library>
</component>