<component name="libraryTable">
  <library name="junit_junit_4.13.2_junit-4.13.2">
    <CLASSES>
      <root url="jar://$PROJECT_DIR$/Grundllaeggende-programmering/Lektion-15/test/junit_junit_4.13.2_junit-4.13.2.jar!/" />
    </CLASSES>
    <JAVADOC />
    <SOURCES />
  </library>
</component>